# JRE version: OpenJDK Runtime Environment (11.0.15) (build 11.0.15+0-b2043.56-9505619)
# Java VM: OpenJDK 64-Bit Server VM (11.0.15+0-b2043.56-9505619, mixed mode, tiered, compressed oops, g1 gc, windows-amd64)
Heap:
 garbage-first heap   total 444416K, used 219993K [0x0000000080000000, 0x0000000100000000)
  region size 1024K, 6 young (6144K), 6 survivors (6144K)
 Metaspace       used 134743K, capacity 138009K, committed 138192K, reserved 1169408K
  class space    used 16673K, capacity 17890K, committed 17952K, reserved 1048576K
GC Heap History (20 events):
Event: 7935.608 GC heap after
{Heap after GC invocations=95 (full 0):
 garbage-first heap   total 291840K, used 247209K [0x0000000080000000, 0x0000000100000000)
  region size 1024K, 2 young (2048K), 2 survivors (2048K)
 Metaspace       used 128056K, capacity 131313K, committed 131408K, reserved 1163264K
  class space    used 16089K, capacity 17270K, committed 17312K, reserved 1048576K
}
Event: 7935.739 GC heap before
{Heap before GC invocations=95 (full 0):
 garbage-first heap   total 291840K, used 258473K [0x0000000080000000, 0x0000000100000000)
  region size 1024K, 14 young (14336K), 2 survivors (2048K)
 Metaspace       used 129946K, capacity 133159K, committed 133456K, reserved 1165312K
  class space    used 16254K, capacity 17450K, committed 17568K, reserved 1048576K
}
Event: 7935.745 GC heap after
{Heap after GC invocations=96 (full 0):
 garbage-first heap   total 291840K, used 246961K [0x0000000080000000, 0x0000000100000000)
  region size 1024K, 2 young (2048K), 2 survivors (2048K)
 Metaspace       used 129946K, capacity 133159K, committed 133456K, reserved 1165312K
  class space    used 16254K, capacity 17450K, committed 17568K, reserved 1048576K
}
Event: 7935.812 GC heap before
{Heap before GC invocations=96 (full 0):
 garbage-first heap   total 291840K, used 258225K [0x0000000080000000, 0x0000000100000000)
  region size 1024K, 14 young (14336K), 2 survivors (2048K)
 Metaspace       used 130696K, capacity 133927K, committed 134224K, reserved 1165312K
  class space    used 16316K, capacity 17514K, committed 17568K, reserved 1048576K
}
Event: 7935.818 GC heap after
{Heap after GC invocations=97 (full 0):
 garbage-first heap   total 291840K, used 248715K [0x0000000080000000, 0x0000000100000000)
  region size 1024K, 2 young (2048K), 2 survivors (2048K)
 Metaspace       used 130696K, capacity 133927K, committed 134224K, reserved 1165312K
  class space    used 16316K, capacity 17514K, committed 17568K, reserved 1048576K
}
Event: 7935.910 GC heap before
{Heap before GC invocations=97 (full 0):
 garbage-first heap   total 291840K, used 261003K [0x0000000080000000, 0x0000000100000000)
  region size 1024K, 14 young (14336K), 2 survivors (2048K)
 Metaspace       used 130890K, capacity 134119K, committed 134224K, reserved 1165312K
  class space    used 16316K, capacity 17514K, committed 17568K, reserved 1048576K
}
Event: 7935.913 GC heap after
{Heap after GC invocations=98 (full 0):
 garbage-first heap   total 291840K, used 249846K [0x0000000080000000, 0x0000000100000000)
  region size 1024K, 2 young (2048K), 2 survivors (2048K)
 Metaspace       used 130890K, capacity 134119K, committed 134224K, reserved 1165312K
  class space    used 16316K, capacity 17514K, committed 17568K, reserved 1048576K
}
Event: 7935.999 GC heap before
{Heap before GC invocations=98 (full 0):
 garbage-first heap   total 291840K, used 242678K [0x0000000080000000, 0x0000000100000000)
  region size 1024K, 14 young (14336K), 2 survivors (2048K)
 Metaspace       used 130813K, capacity 134004K, committed 134480K, reserved 1167360K
  class space    used 16289K, capacity 17456K, committed 17568K, reserved 1048576K
}
Event: 7936.001 GC heap after
{Heap after GC invocations=99 (full 0):
 garbage-first heap   total 291840K, used 231438K [0x0000000080000000, 0x0000000100000000)
  region size 1024K, 2 young (2048K), 2 survivors (2048K)
 Metaspace       used 130813K, capacity 134004K, committed 134480K, reserved 1167360K
  class space    used 16289K, capacity 17456K, committed 17568K, reserved 1048576K
}
Event: 7936.057 GC heap before
{Heap before GC invocations=100 (full 0):
 garbage-first heap   total 291840K, used 247822K [0x0000000080000000, 0x0000000100000000)
  region size 1024K, 18 young (18432K), 2 survivors (2048K)
 Metaspace       used 130863K, capacity 134012K, committed 134480K, reserved 1167360K
  class space    used 16289K, capacity 17456K, committed 17568K, reserved 1048576K
}
Event: 7936.060 GC heap after
{Heap after GC invocations=101 (full 0):
 garbage-first heap   total 291840K, used 232696K [0x0000000080000000, 0x0000000100000000)
  region size 1024K, 3 young (3072K), 3 survivors (3072K)
 Metaspace       used 130863K, capacity 134012K, committed 134480K, reserved 1167360K
  class space    used 16289K, capacity 17456K, committed 17568K, reserved 1048576K
}
Event: 7936.091 GC heap before
{Heap before GC invocations=101 (full 0):
 garbage-first heap   total 291840K, used 243960K [0x0000000080000000, 0x0000000100000000)
  region size 1024K, 14 young (14336K), 3 survivors (3072K)
 Metaspace       used 130881K, capacity 134076K, committed 134480K, reserved 1167360K
  class space    used 16291K, capacity 17456K, committed 17568K, reserved 1048576K
}
Event: 7936.100 GC heap after
{Heap after GC invocations=102 (full 0):
 garbage-first heap   total 350208K, used 216639K [0x0000000080000000, 0x0000000100000000)
  region size 1024K, 2 young (2048K), 2 survivors (2048K)
 Metaspace       used 130881K, capacity 134076K, committed 134480K, reserved 1167360K
  class space    used 16291K, capacity 17456K, committed 17568K, reserved 1048576K
}
Event: 7936.294 GC heap before
{Heap before GC invocations=102 (full 0):
 garbage-first heap   total 350208K, used 259647K [0x0000000080000000, 0x0000000100000000)
  region size 1024K, 45 young (46080K), 2 survivors (2048K)
 Metaspace       used 131934K, capacity 135119K, committed 135376K, reserved 1167360K
  class space    used 16371K, capacity 17569K, committed 17696K, reserved 1048576K
}
Event: 7936.298 GC heap after
{Heap after GC invocations=103 (full 0):
 garbage-first heap   total 350208K, used 215850K [0x0000000080000000, 0x0000000100000000)
  region size 1024K, 1 young (1024K), 1 survivors (1024K)
 Metaspace       used 131934K, capacity 135119K, committed 135376K, reserved 1167360K
  class space    used 16371K, capacity 17569K, committed 17696K, reserved 1048576K
}
Event: 7936.937 GC heap before
{Heap before GC invocations=104 (full 0):
 garbage-first heap   total 350208K, used 266026K [0x0000000080000000, 0x0000000100000000)
  region size 1024K, 49 young (50176K), 1 survivors (1024K)
 Metaspace       used 133983K, capacity 137255K, committed 137296K, reserved 1169408K
  class space    used 16607K, capacity 17806K, committed 17824K, reserved 1048576K
}
Event: 7936.941 GC heap after
{Heap after GC invocations=105 (full 0):
 garbage-first heap   total 350208K, used 216885K [0x0000000080000000, 0x0000000100000000)
  region size 1024K, 2 young (2048K), 2 survivors (2048K)
 Metaspace       used 133983K, capacity 137255K, committed 137296K, reserved 1169408K
  class space    used 16607K, capacity 17806K, committed 17824K, reserved 1048576K
}
Event: 7937.088 GC heap before
{Heap before GC invocations=105 (full 0):
 garbage-first heap   total 350208K, used 231221K [0x0000000080000000, 0x0000000100000000)
  region size 1024K, 17 young (17408K), 2 survivors (2048K)
 Metaspace       used 134353K, capacity 137658K, committed 137936K, reserved 1169408K
  class space    used 16649K, capacity 17871K, committed 17952K, reserved 1048576K
}
Event: 7937.093 GC heap after
{Heap after GC invocations=106 (full 0):
 garbage-first heap   total 350208K, used 217507K [0x0000000080000000, 0x0000000100000000)
  region size 1024K, 3 young (3072K), 3 survivors (3072K)
 Metaspace       used 134353K, capacity 137658K, committed 137936K, reserved 1169408K
  class space    used 16649K, capacity 17871K, committed 17952K, reserved 1048576K
}
Event: 7937.662 GC heap before
{Heap before GC invocations=106 (full 0):
 garbage-first heap   total 350208K, used 269731K [0x0000000080000000, 0x0000000100000000)
  region size 1024K, 55 young (56320K), 3 survivors (3072K)
 Metaspace       used 134743K, capacity 138009K, committed 138192K, reserved 1169408K
  class space    used 16673K, capacity 17890K, committed 17952K, reserved 1048576K
}

