# JRE version: OpenJDK Runtime Environment (11.0.15) (build 11.0.15+0-b2043.56-9505619)
# Java VM: OpenJDK 64-Bit Server VM (11.0.15+0-b2043.56-9505619, mixed mode, tiered, compressed oops, g1 gc, windows-amd64)
Heap:
 garbage-first heap   total 264192K, used 134877K [0x0000000080000000, 0x0000000100000000)
  region size 1024K, 23 young (23552K), 3 survivors (3072K)
 Metaspace       used 101092K, capacity 103886K, committed 104112K, reserved 1142784K
  class space    used 12815K, capacity 13875K, committed 13976K, reserved 1048576K
GC Heap History (20 events):
Event: 13.563 GC heap before
{Heap before GC invocations=30 (full 0):
 garbage-first heap   total 183296K, used 142970K [0x0000000080000000, 0x0000000100000000)
  region size 1024K, 31 young (31744K), 3 survivors (3072K)
 Metaspace       used 92656K, capacity 95115K, committed 95920K, reserved 1132544K
  class space    used 12009K, capacity 12961K, committed 13208K, reserved 1048576K
}
Event: 13.571 GC heap after
{Heap after GC invocations=31 (full 0):
 garbage-first heap   total 183296K, used 120146K [0x0000000080000000, 0x0000000100000000)
  region size 1024K, 4 young (4096K), 4 survivors (4096K)
 Metaspace       used 92656K, capacity 95115K, committed 95920K, reserved 1132544K
  class space    used 12009K, capacity 12961K, committed 13208K, reserved 1048576K
}
Event: 13.770 GC heap before
{Heap before GC invocations=31 (full 0):
 garbage-first heap   total 183296K, used 133458K [0x0000000080000000, 0x0000000100000000)
  region size 1024K, 19 young (19456K), 4 survivors (4096K)
 Metaspace       used 93055K, capacity 95533K, committed 96176K, reserved 1132544K
  class space    used 12043K, capacity 12994K, committed 13208K, reserved 1048576K
}
Event: 13.779 GC heap after
{Heap after GC invocations=32 (full 0):
 garbage-first heap   total 220160K, used 123937K [0x0000000080000000, 0x0000000100000000)
  region size 1024K, 3 young (3072K), 3 survivors (3072K)
 Metaspace       used 93055K, capacity 95533K, committed 96176K, reserved 1132544K
  class space    used 12043K, capacity 12994K, committed 13208K, reserved 1048576K
}
Event: 14.192 GC heap before
{Heap before GC invocations=33 (full 0):
 garbage-first heap   total 220160K, used 162849K [0x0000000080000000, 0x0000000100000000)
  region size 1024K, 34 young (34816K), 3 survivors (3072K)
 Metaspace       used 93296K, capacity 95773K, committed 96432K, reserved 1132544K
  class space    used 12064K, capacity 13008K, committed 13208K, reserved 1048576K
}
Event: 14.200 GC heap after
{Heap after GC invocations=34 (full 0):
 garbage-first heap   total 220160K, used 127397K [0x0000000080000000, 0x0000000100000000)
  region size 1024K, 5 young (5120K), 5 survivors (5120K)
 Metaspace       used 93296K, capacity 95773K, committed 96432K, reserved 1132544K
  class space    used 12064K, capacity 13008K, committed 13208K, reserved 1048576K
}
Event: 14.290 GC heap before
{Heap before GC invocations=34 (full 0):
 garbage-first heap   total 220160K, used 137637K [0x0000000080000000, 0x0000000100000000)
  region size 1024K, 16 young (16384K), 5 survivors (5120K)
 Metaspace       used 93323K, capacity 95773K, committed 96432K, reserved 1132544K
  class space    used 12067K, capacity 13008K, committed 13208K, reserved 1048576K
}
Event: 14.300 GC heap after
{Heap after GC invocations=35 (full 0):
 garbage-first heap   total 220160K, used 133120K [0x0000000080000000, 0x0000000100000000)
  region size 1024K, 5 young (5120K), 5 survivors (5120K)
 Metaspace       used 93323K, capacity 95773K, committed 96432K, reserved 1132544K
  class space    used 12067K, capacity 13008K, committed 13208K, reserved 1048576K
}
Event: 14.502 GC heap before
{Heap before GC invocations=36 (full 0):
 garbage-first heap   total 220160K, used 177152K [0x0000000080000000, 0x0000000100000000)
  region size 1024K, 31 young (31744K), 5 survivors (5120K)
 Metaspace       used 93949K, capacity 96533K, committed 97072K, reserved 1132544K
  class space    used 12127K, capacity 13138K, committed 13336K, reserved 1048576K
}
Event: 14.506 GC heap after
{Heap after GC invocations=37 (full 0):
 garbage-first heap   total 220160K, used 137551K [0x0000000080000000, 0x0000000100000000)
  region size 1024K, 4 young (4096K), 4 survivors (4096K)
 Metaspace       used 93949K, capacity 96533K, committed 97072K, reserved 1132544K
  class space    used 12127K, capacity 13138K, committed 13336K, reserved 1048576K
}
Event: 14.669 GC heap before
{Heap before GC invocations=37 (full 0):
 garbage-first heap   total 220160K, used 163151K [0x0000000080000000, 0x0000000100000000)
  region size 1024K, 30 young (30720K), 4 survivors (4096K)
 Metaspace       used 96915K, capacity 99558K, committed 99888K, reserved 1136640K
  class space    used 12388K, capacity 13411K, committed 13592K, reserved 1048576K
}
Event: 14.676 GC heap after
{Heap after GC invocations=38 (full 0):
 garbage-first heap   total 220160K, used 141526K [0x0000000080000000, 0x0000000100000000)
  region size 1024K, 4 young (4096K), 4 survivors (4096K)
 Metaspace       used 96915K, capacity 99558K, committed 99888K, reserved 1136640K
  class space    used 12388K, capacity 13411K, committed 13592K, reserved 1048576K
}
Event: 14.840 GC heap before
{Heap before GC invocations=39 (full 0):
 garbage-first heap   total 220160K, used 154838K [0x0000000080000000, 0x0000000100000000)
  region size 1024K, 30 young (30720K), 4 survivors (4096K)
 Metaspace       used 97223K, capacity 99886K, committed 100400K, reserved 1136640K
  class space    used 12388K, capacity 13411K, committed 13592K, reserved 1048576K
}
Event: 14.845 GC heap after
{Heap after GC invocations=40 (full 0):
 garbage-first heap   total 264192K, used 130727K [0x0000000080000000, 0x0000000100000000)
  region size 1024K, 4 young (4096K), 4 survivors (4096K)
 Metaspace       used 97223K, capacity 99886K, committed 100400K, reserved 1136640K
  class space    used 12388K, capacity 13411K, committed 13592K, reserved 1048576K
}
Event: 14.874 GC heap before
{Heap before GC invocations=40 (full 0):
 garbage-first heap   total 264192K, used 138919K [0x0000000080000000, 0x0000000100000000)
  region size 1024K, 12 young (12288K), 4 survivors (4096K)
 Metaspace       used 97245K, capacity 99891K, committed 100400K, reserved 1136640K
  class space    used 12388K, capacity 13411K, committed 13592K, reserved 1048576K
}
Event: 14.877 GC heap after
{Heap after GC invocations=41 (full 0):
 garbage-first heap   total 264192K, used 112270K [0x0000000080000000, 0x0000000100000000)
  region size 1024K, 2 young (2048K), 2 survivors (2048K)
 Metaspace       used 97245K, capacity 99891K, committed 100400K, reserved 1136640K
  class space    used 12388K, capacity 13411K, committed 13592K, reserved 1048576K
}
Event: 15.082 GC heap before
{Heap before GC invocations=41 (full 0):
 garbage-first heap   total 264192K, used 165518K [0x0000000080000000, 0x0000000100000000)
  region size 1024K, 54 young (55296K), 2 survivors (2048K)
 Metaspace       used 98188K, capacity 100874K, committed 101296K, reserved 1136640K
  class space    used 12463K, capacity 13524K, committed 13720K, reserved 1048576K
}
Event: 15.088 GC heap after
{Heap after GC invocations=42 (full 0):
 garbage-first heap   total 264192K, used 116923K [0x0000000080000000, 0x0000000100000000)
  region size 1024K, 6 young (6144K), 6 survivors (6144K)
 Metaspace       used 98188K, capacity 100874K, committed 101296K, reserved 1136640K
  class space    used 12463K, capacity 13524K, committed 13720K, reserved 1048576K
}
Event: 15.399 GC heap before
{Heap before GC invocations=42 (full 0):
 garbage-first heap   total 264192K, used 172219K [0x0000000080000000, 0x0000000100000000)
  region size 1024K, 61 young (62464K), 6 survivors (6144K)
 Metaspace       used 100150K, capacity 102830K, committed 102960K, reserved 1138688K
  class space    used 12693K, capacity 13739K, committed 13848K, reserved 1048576K
}
Event: 15.403 GC heap after
{Heap after GC invocations=43 (full 0):
 garbage-first heap   total 264192K, used 116445K [0x0000000080000000, 0x0000000100000000)
  region size 1024K, 3 young (3072K), 3 survivors (3072K)
 Metaspace       used 100150K, capacity 102830K, committed 102960K, reserved 1138688K
  class space    used 12693K, capacity 13739K, committed 13848K, reserved 1048576K
}

